Jun 26, 2024 4:18:38 PM bankapp.models.Log info
INFO: Nova sessão iniciada | Número da conta logada: 3
Jun 26, 2024 4:18:39 PM bankapp.models.Log info
INFO: Usuário lucas realizou login
Jun 26, 2024 4:18:48 PM bankapp.models.Log info
INFO: Extrato exibido por lucas
Jun 26, 2024 4:18:52 PM bankapp.models.Log info
INFO: Extrato exibido por lucas
Jun 26, 2024 4:19:03 PM bankapp.models.Log info
INFO: Usuário lucas realizou logout
Jun 26, 2024 4:19:13 PM bankapp.models.Log info
INFO: Nova sessão iniciada | Número da conta logada: 3
Jun 26, 2024 4:19:14 PM bankapp.models.Log info
INFO: Usuário lucas realizou login
Jun 26, 2024 4:19:14 PM bankapp.models.Log info
INFO: Usuário lucas realizou logout
Jun 26, 2024 4:19:29 PM bankapp.models.Log info
INFO: Nova sessão iniciada | Número da conta logada: 1
Jun 26, 2024 4:19:29 PM bankapp.models.Log info
INFO: Usuário admin realizou login
Jun 26, 2024 4:19:58 PM bankapp.models.Log info
INFO: Usuário admin realizou logout
